<?xml version="1.0" encoding="UTF-8"?>
<!-- Generated by org.testng.reporters.JUnitReportReporter -->
<testsuite hostname="LAPTOP-CF7R0JKV" failures="0" tests="2" name="Testpages.RegisterpageTest" time="17.400" errors="0" timestamp="2024-01-08T15:53:45 IST" skipped="0">
  <testcase classname="Testpages.RegisterpageTest" name="RegisterUser" time="8.182"/>
  <system-out/>
  <testcase classname="Testpages.RegisterpageTest" name="RegisterUser" time="9.218"/>
  <system-out/>
</testsuite> <!-- Testpages.RegisterpageTest -->
