<?xml version="1.0" encoding="UTF-8"?>
<!-- Generated by org.testng.reporters.JUnitReportReporter -->
<testsuite hostname="LAPTOP-CF7R0JKV" failures="0" tests="2" name="Testpages.Homepagetest" time="9.371" errors="0" timestamp="2024-01-08T15:38:29 IST" skipped="0">
  <testcase classname="Testpages.Homepagetest" name="clickOnRegisterPage" time="4.888"/>
  <system-out/>
  <testcase classname="Testpages.Homepagetest" name="clickOnLogin" time="4.483"/>
  <system-out/>
</testsuite> <!-- Testpages.Homepagetest -->
