<?xml version="1.0" encoding="UTF-8"?>
<!-- Generated by org.testng.reporters.JUnitReportReporter -->
<testsuite hostname="LAPTOP-CF7R0JKV" failures="0" tests="2" name="Testpages.LoginpageTest" time="15.651" errors="0" timestamp="2024-01-08T15:57:09 IST" skipped="0">
  <testcase classname="Testpages.LoginpageTest" name="LoginUser" time="7.543"/>
  <system-out/>
  <testcase classname="Testpages.LoginpageTest" name="LoginUser" time="8.108"/>
  <system-out/>
</testsuite> <!-- Testpages.LoginpageTest -->
